# JRE version: Java(TM) SE Runtime Environment (23.0.1+11) (build 23.0.1+11-39)
# Java VM: Java HotSpot(TM) 64-Bit Server VM (23.0.1+11-39, mixed mode, sharing, tiered, compressed oops, compressed class ptrs, g1 gc, windows-amd64)
GC Precious Log:
 CardTable entry size: 512
 Card Set container configuration: InlinePtr #cards 4 size 8 Array Of Cards #cards 16 size 48 Howl #buckets 8 coarsen threshold 3686 Howl Bitmap #cards 512 size 80 coarsen threshold 460 Card regions per heap region 1 cards per card region 4096
 CPUs: 8 total, 8 available
 Memory: 16157M
 Large Page Support: Disabled
 NUMA Support: Disabled
 Compressed Oops: Enabled (Zero based)
 Heap Region Size: 2M
 Heap Min Capacity: 8M
 Heap Initial Capacity: 254M
 Heap Max Capacity: 4040M
 Pre-touch: Disabled
 Parallel Workers: 8
 Concurrent Workers: 2
 Concurrent Refinement Workers: 8
 Periodic GC: Disabled
Heap:
 garbage-first heap   total reserved 4136960K, committed 69632K, used 49320K [0x0000000703800000, 0x0000000800000000)
  region size 2048K, 18 young (36864K), 2 survivors (4096K)
 Metaspace       used 41784K, committed 42240K, reserved 1114112K
  class space    used 5332K, committed 5504K, reserved 1048576K
GC Heap History (20 events):
Event: 2.034 GC heap before
{Heap before GC invocations=0 (full 0):
 garbage-first heap   total reserved 4136960K, committed 260096K, used 22528K [0x0000000703800000, 0x0000000800000000)
  region size 2048K, 12 young (24576K), 0 survivors (0K)
 Metaspace       used 7921K, committed 8128K, reserved 1114112K
  class space    used 886K, committed 960K, reserved 1048576K
}
Event: 2.041 GC heap after
{Heap after GC invocations=1 (full 0):
 garbage-first heap   total reserved 4136960K, committed 260096K, used 6054K [0x0000000703800000, 0x0000000800000000)
  region size 2048K, 2 young (4096K), 2 survivors (4096K)
 Metaspace       used 7921K, committed 8128K, reserved 1114112K
  class space    used 886K, committed 960K, reserved 1048576K
}
Event: 3.053 GC heap before
{Heap before GC invocations=1 (full 0):
 garbage-first heap   total reserved 4136960K, committed 260096K, used 26534K [0x0000000703800000, 0x0000000800000000)
  region size 2048K, 12 young (24576K), 2 survivors (4096K)
 Metaspace       used 13328K, committed 13568K, reserved 1114112K
  class space    used 1557K, committed 1664K, reserved 1048576K
}
Event: 3.059 GC heap after
{Heap after GC invocations=2 (full 0):
 garbage-first heap   total reserved 4136960K, committed 260096K, used 7585K [0x0000000703800000, 0x0000000800000000)
  region size 2048K, 1 young (2048K), 1 survivors (2048K)
 Metaspace       used 13328K, committed 13568K, reserved 1114112K
  class space    used 1557K, committed 1664K, reserved 1048576K
}
Event: 4.788 GC heap before
{Heap before GC invocations=2 (full 0):
 garbage-first heap   total reserved 4136960K, committed 260096K, used 38305K [0x0000000703800000, 0x0000000800000000)
  region size 2048K, 17 young (34816K), 1 survivors (2048K)
 Metaspace       used 21208K, committed 21504K, reserved 1114112K
  class space    used 2647K, committed 2816K, reserved 1048576K
}
Event: 4.795 GC heap after
{Heap after GC invocations=3 (full 0):
 garbage-first heap   total reserved 4136960K, committed 260096K, used 9670K [0x0000000703800000, 0x0000000800000000)
  region size 2048K, 2 young (4096K), 2 survivors (4096K)
 Metaspace       used 21208K, committed 21504K, reserved 1114112K
  class space    used 2647K, committed 2816K, reserved 1048576K
}
Event: 5.207 GC heap before
{Heap before GC invocations=4 (full 0):
 garbage-first heap   total reserved 4136960K, committed 34816K, used 26054K [0x0000000703800000, 0x0000000800000000)
  region size 2048K, 10 young (20480K), 2 survivors (4096K)
 Metaspace       used 24731K, committed 25088K, reserved 1114112K
  class space    used 3029K, committed 3200K, reserved 1048576K
}
Event: 5.214 GC heap after
{Heap after GC invocations=5 (full 0):
 garbage-first heap   total reserved 4136960K, committed 34816K, used 11116K [0x0000000703800000, 0x0000000800000000)
  region size 2048K, 1 young (2048K), 1 survivors (2048K)
 Metaspace       used 24731K, committed 25088K, reserved 1114112K
  class space    used 3029K, committed 3200K, reserved 1048576K
}
Event: 5.516 GC heap before
{Heap before GC invocations=5 (full 0):
 garbage-first heap   total reserved 4136960K, committed 34816K, used 23404K [0x0000000703800000, 0x0000000800000000)
  region size 2048K, 8 young (16384K), 1 survivors (2048K)
 Metaspace       used 26889K, committed 27200K, reserved 1114112K
  class space    used 3287K, committed 3456K, reserved 1048576K
}
Event: 5.520 GC heap after
{Heap after GC invocations=6 (full 0):
 garbage-first heap   total reserved 4136960K, committed 34816K, used 12144K [0x0000000703800000, 0x0000000800000000)
  region size 2048K, 1 young (2048K), 1 survivors (2048K)
 Metaspace       used 26889K, committed 27200K, reserved 1114112K
  class space    used 3287K, committed 3456K, reserved 1048576K
}
Event: 6.046 GC heap before
{Heap before GC invocations=6 (full 0):
 garbage-first heap   total reserved 4136960K, committed 34816K, used 22384K [0x0000000703800000, 0x0000000800000000)
  region size 2048K, 7 young (14336K), 1 survivors (2048K)
 Metaspace       used 28542K, committed 28864K, reserved 1114112K
  class space    used 3509K, committed 3648K, reserved 1048576K
}
Event: 6.050 GC heap after
{Heap after GC invocations=7 (full 0):
 garbage-first heap   total reserved 4136960K, committed 34816K, used 13867K [0x0000000703800000, 0x0000000800000000)
  region size 2048K, 1 young (2048K), 1 survivors (2048K)
 Metaspace       used 28542K, committed 28864K, reserved 1114112K
  class space    used 3509K, committed 3648K, reserved 1048576K
}
Event: 6.548 GC heap before
{Heap before GC invocations=7 (full 0):
 garbage-first heap   total reserved 4136960K, committed 34816K, used 26155K [0x0000000703800000, 0x0000000800000000)
  region size 2048K, 7 young (14336K), 1 survivors (2048K)
 Metaspace       used 29755K, committed 30144K, reserved 1114112K
  class space    used 3661K, committed 3840K, reserved 1048576K
}
Event: 6.553 GC heap after
{Heap after GC invocations=8 (full 0):
 garbage-first heap   total reserved 4136960K, committed 34816K, used 14831K [0x0000000703800000, 0x0000000800000000)
  region size 2048K, 1 young (2048K), 1 survivors (2048K)
 Metaspace       used 29755K, committed 30144K, reserved 1114112K
  class space    used 3661K, committed 3840K, reserved 1048576K
}
Event: 7.060 GC heap before
{Heap before GC invocations=8 (full 0):
 garbage-first heap   total reserved 4136960K, committed 34816K, used 27119K [0x0000000703800000, 0x0000000800000000)
  region size 2048K, 7 young (14336K), 1 survivors (2048K)
 Metaspace       used 31213K, committed 31552K, reserved 1114112K
  class space    used 3851K, committed 3968K, reserved 1048576K
}
Event: 7.067 GC heap after
{Heap after GC invocations=9 (full 0):
 garbage-first heap   total reserved 4136960K, committed 34816K, used 15704K [0x0000000703800000, 0x0000000800000000)
  region size 2048K, 1 young (2048K), 1 survivors (2048K)
 Metaspace       used 31213K, committed 31552K, reserved 1114112K
  class space    used 3851K, committed 3968K, reserved 1048576K
}
Event: 7.631 GC heap before
{Heap before GC invocations=9 (full 0):
 garbage-first heap   total reserved 4136960K, committed 34816K, used 25944K [0x0000000703800000, 0x0000000800000000)
  region size 2048K, 7 young (14336K), 1 survivors (2048K)
 Metaspace       used 34183K, committed 34688K, reserved 1114112K
  class space    used 4203K, committed 4416K, reserved 1048576K
}
Event: 7.642 GC heap after
{Heap after GC invocations=10 (full 0):
 garbage-first heap   total reserved 4136960K, committed 147456K, used 17420K [0x0000000703800000, 0x0000000800000000)
  region size 2048K, 1 young (2048K), 1 survivors (2048K)
 Metaspace       used 34183K, committed 34688K, reserved 1114112K
  class space    used 4203K, committed 4416K, reserved 1048576K
}
Event: 7.974 GC heap before
{Heap before GC invocations=10 (full 0):
 garbage-first heap   total reserved 4136960K, committed 147456K, used 23564K [0x0000000703800000, 0x0000000800000000)
  region size 2048K, 5 young (10240K), 1 survivors (2048K)
 Metaspace       used 35787K, committed 36160K, reserved 1114112K
  class space    used 4379K, committed 4544K, reserved 1048576K
}
Event: 7.982 GC heap after
{Heap after GC invocations=11 (full 0):
 garbage-first heap   total reserved 4136960K, committed 147456K, used 18600K [0x0000000703800000, 0x0000000800000000)
  region size 2048K, 2 young (4096K), 2 survivors (4096K)
 Metaspace       used 35787K, committed 36160K, reserved 1114112K
  class space    used 4379K, committed 4544K, reserved 1048576K
}

